<?xml version="1.0" encoding="UTF-8"?>
<!-- Generated by org.testng.reporters.JUnitReportReporter -->
<testsuite hostname="DESKTOP-16ASU4V" failures="0" tests="2" name="Test_Runner25.TestRunner25" time="6.995" errors="0" timestamp="2022-04-22T02:20:01 EDT" skipped="0">
  <testcase classname="Test_Runner25.TestRunner25" name="runScenario" time="6.223"/>
  <system-out/>
  <testcase classname="Test_Runner25.TestRunner25" name="runScenario" time="0.772"/>
  <system-out/>
</testsuite> <!-- Test_Runner25.TestRunner25 -->
