<?xml version="1.0" encoding="UTF-8"?>
<!-- Generated by org.testng.reporters.JUnitReportReporter -->
<testsuite hostname="DESKTOP-16ASU4V" failures="0" tests="2" name="Test_Runner25.TestRunner25" time="6.499" errors="0" timestamp="2022-04-22T02:22:48 EDT" skipped="0">
  <testcase classname="Test_Runner25.TestRunner25" name="runScenario" time="5.828"/>
  <system-out/>
  <testcase classname="Test_Runner25.TestRunner25" name="runScenario" time="0.671"/>
  <system-out/>
</testsuite> <!-- Test_Runner25.TestRunner25 -->
